[2025-12-09 12:47:02,080: INFO: main]: This is a log message from main.py]
[2025-12-09 17:29:25,811: INFO: main]: This is a log message from main.py]
[2025-12-09 17:31:57,685: INFO: main]: This is a log message from main.py]
[2025-12-09 17:31:57,974: INFO: main]: >>>>>> Stage Data Ingestion Stage started <<<<<<]
[2025-12-09 17:31:57,976: INFO: common]: created directory at: artifacts]
[2025-12-09 17:31:57,976: INFO: common]: created directory at: artifacts/data_ingestion]
[2025-12-09 17:31:57,976: INFO: data_ingestion]: File already exists of size: ~ 11345 KB]
[2025-12-09 17:31:58,114: INFO: main]: >>>>>> Stage Data Ingestion Stage completed <<<<<<

x==========x]
[2025-12-13 15:05:37,861: WARNING: saving_api]: You are saving your model as an HDF5 file via `model.save()` or `keras.saving.save_model(model)`. This file format is considered legacy. We recommend using instead the native Keras format, e.g. `model.save('my_model.keras')` or `keras.saving.save_model(model, 'my_model.keras')`. ]
[2025-12-13 15:13:32,173: WARNING: saving_api]: You are saving your model as an HDF5 file via `model.save()` or `keras.saving.save_model(model)`. This file format is considered legacy. We recommend using instead the native Keras format, e.g. `model.save('my_model.keras')` or `keras.saving.save_model(model, 'my_model.keras')`. ]
[2025-12-13 15:13:32,348: WARNING: saving_api]: You are saving your model as an HDF5 file via `model.save()` or `keras.saving.save_model(model)`. This file format is considered legacy. We recommend using instead the native Keras format, e.g. `model.save('my_model.keras')` or `keras.saving.save_model(model, 'my_model.keras')`. ]
[2025-12-13 15:29:06,516: INFO: main]: This is a log message from main.py]
[2025-12-13 15:29:06,516: INFO: main]: >>>>>> Stage Data Ingestion Stage started <<<<<<]
[2025-12-13 15:29:06,521: INFO: common]: created directory at: artifacts]
[2025-12-13 15:29:06,521: INFO: common]: created directory at: artifacts/data_ingestion]
[2025-12-13 15:29:39,900: INFO: data_ingestion]: artifacts/data_ingestion/data.zip download! with following info: 
Connection: close
Content-Length: 11616915
Cache-Control: max-age=300
Content-Security-Policy: default-src 'none'; style-src 'unsafe-inline'; sandbox
Content-Type: application/zip
ETag: "adf745abc03891fe493c3be264ec012691fe3fa21d861f35a27edbe6d86a76b1"
Strict-Transport-Security: max-age=31536000
X-Content-Type-Options: nosniff
X-Frame-Options: deny
X-XSS-Protection: 1; mode=block
X-GitHub-Request-Id: AE80:3176:F2453:1B2160:693D38EC
Accept-Ranges: bytes
Date: Sat, 13 Dec 2025 09:59:08 GMT
Via: 1.1 varnish
X-Served-By: cache-sin-wsss1830091-SIN
X-Cache: MISS
X-Cache-Hits: 0
X-Timer: S1765619948.274265,VS0,VE617
Vary: Authorization,Accept-Encoding
Access-Control-Allow-Origin: *
Cross-Origin-Resource-Policy: cross-origin
X-Fastly-Request-ID: dc096ad887163cf102da7269a40da4866522291b
Expires: Sat, 13 Dec 2025 10:04:08 GMT
Source-Age: 0

]
[2025-12-13 15:29:40,095: INFO: main]: >>>>>> Stage Data Ingestion Stage completed <<<<<<

x==========x]
[2025-12-13 15:29:40,095: INFO: main]: >>>>>> Stage Prepare Base Model Stage started <<<<<<]
[2025-12-13 15:29:40,095: INFO: common]: created directory at: artifacts]
[2025-12-13 15:29:40,095: INFO: common]: created directory at: artifacts/prepare_base_model]
[2025-12-13 15:29:40,756: WARNING: saving_api]: You are saving your model as an HDF5 file via `model.save()` or `keras.saving.save_model(model)`. This file format is considered legacy. We recommend using instead the native Keras format, e.g. `model.save('my_model.keras')` or `keras.saving.save_model(model, 'my_model.keras')`. ]
[2025-12-13 15:29:40,904: WARNING: saving_api]: You are saving your model as an HDF5 file via `model.save()` or `keras.saving.save_model(model)`. This file format is considered legacy. We recommend using instead the native Keras format, e.g. `model.save('my_model.keras')` or `keras.saving.save_model(model, 'my_model.keras')`. ]
[2025-12-13 15:29:41,022: INFO: main]: >>>>>> Stage Prepare Base Model Stage completed <<<<<<

x==========x]
